<?xml version="1.0" encoding="UTF-8"?>
<!-- Generated by org.testng.reporters.JUnitReportReporter -->
<testsuite hostname="DESKTOP-HN0NDSM" failures="0" tests="2" name="com.practice.testCases.TC_myAccountPageTestDataDrivenTesting" time="11.840" errors="0" timestamp="2025-08-19T17:25:41 IST" skipped="1">
  <testcase classname="com.practice.testCases.TC_myAccountPageTestDataDrivenTesting" name="verifyLogin" time="11.840"/>
  <testcase classname="com.practice.testCases.TC_myAccountPageTestDataDrivenTesting" name="verifyRegistrationAndLogin">
    <skipped/>
  </testcase> <!-- verifyRegistrationAndLogin -->
</testsuite> <!-- com.practice.testCases.TC_myAccountPageTestDataDrivenTesting -->
