<?xml version="1.0" encoding="UTF-8"?>
<!-- Generated by org.testng.reporters.JUnitReportReporter -->
<testsuite hostname="DESKTOP-HN0NDSM" failures="0" tests="2" name="com.practice.testCases.productPageTestCase" time="53.954" errors="0" timestamp="2025-08-19T17:25:41 IST" skipped="0">
  <testcase classname="com.practice.testCases.productPageTestCase" name="verifyBuyProduct" time="42.005"/>
  <testcase classname="com.practice.testCases.productPageTestCase" name="VerifyProduct" time="11.949"/>
</testsuite> <!-- com.practice.testCases.productPageTestCase -->
